<?xml version="1.0" encoding="UTF-8"?>
<!-- Generated by org.testng.reporters.JUnitReportReporter -->
<testsuite hostname="DESKTOP-MAHESH-TL" failures="0" tests="1" name="TestCase.Logintc" time="4.261" errors="0" timestamp="2024-12-30T22:16:13 IST" skipped="0">
  <testcase classname="TestCase.Logintc" name="TC1" time="4.261"/>
  <system-out/>
</testsuite> <!-- TestCase.Logintc -->
