<?xml version="1.0" encoding="UTF-8"?>
<!-- Generated by org.testng.reporters.JUnitReportReporter -->
<testsuite hostname="DESKTOP-MAHESH-TL" failures="0" tests="1" name="TestCase.Logintc" time="8.190" errors="0" timestamp="2024-12-31T12:46:03 IST" skipped="0">
  <testcase classname="TestCase.Logintc" name="TC1" time="8.190"/>
  <system-out/>
</testsuite> <!-- TestCase.Logintc -->
